<?xml version="1.0" encoding="UTF-8"?>
<testng-results skipped="0" failed="1" total="1" passed="0">
  <reporter-output>
  </reporter-output>
  <suite name="Default suite" duration-ms="31922" started-at="2017-10-27T02:31:22Z" finished-at="2017-10-27T02:31:54Z">
    <groups>
    </groups>
    <test name="Default test" duration-ms="31922" started-at="2017-10-27T02:31:22Z" finished-at="2017-10-27T02:31:54Z">
      <class name="com.test.automation.UiAutomation.Registration.TC002_VerifyRegistration">
        <test-method status="PASS" signature="setup()[pri:0, instance:com.test.automation.UiAutomation.Registration.TC002_VerifyRegistration@42d80b78]" name="setup" is-config="true" duration-ms="3676" started-at="2017-10-26T19:31:22Z" finished-at="2017-10-26T19:31:25Z">
          <reporter-output>
          </reporter-output>
        </test-method> <!-- setup -->
        <test-method status="FAIL" signature="testlogin()[pri:0, instance:com.test.automation.UiAutomation.Registration.TC002_VerifyRegistration@42d80b78]" name="testlogin" duration-ms="28226" started-at="2017-10-26T19:31:25Z" finished-at="2017-10-26T19:31:54Z">
          <exception class="java.lang.NullPointerException">
            <full-stacktrace>
              <![CDATA[java.lang.NullPointerException
	at sun.reflect.NativeMethodAccessorImpl.invoke0(Native Method)
	at sun.reflect.NativeMethodAccessorImpl.invoke(NativeMethodAccessorImpl.java:62)
	at sun.reflect.DelegatingMethodAccessorImpl.invoke(DelegatingMethodAccessorImpl.java:43)
	at java.lang.reflect.Method.invoke(Method.java:483)
	at org.openqa.selenium.support.pagefactory.internal.LocatingElementHandler.invoke(LocatingElementHandler.java:51)
	at com.sun.proxy.$Proxy9.sendKeys(Unknown Source)
	at com.test.automation.UiAutomation.UiActions.HomePage.registerUser(HomePage.java:143)
	at com.test.automation.UiAutomation.Registration.TC002_VerifyRegistration.testlogin(TC002_VerifyRegistration.java:38)
	at sun.reflect.NativeMethodAccessorImpl.invoke0(Native Method)
	at sun.reflect.NativeMethodAccessorImpl.invoke(NativeMethodAccessorImpl.java:62)
	at sun.reflect.DelegatingMethodAccessorImpl.invoke(DelegatingMethodAccessorImpl.java:43)
	at java.lang.reflect.Method.invoke(Method.java:483)
	at org.testng.internal.MethodInvocationHelper.invokeMethod(MethodInvocationHelper.java:80)
	at org.testng.internal.Invoker.invokeMethod(Invoker.java:714)
	at org.testng.internal.Invoker.invokeTestMethod(Invoker.java:901)
	at org.testng.internal.Invoker.invokeTestMethods(Invoker.java:1231)
	at org.testng.internal.TestMethodWorker.invokeTestMethods(TestMethodWorker.java:127)
	at org.testng.internal.TestMethodWorker.run(TestMethodWorker.java:111)
	at org.testng.TestRunner.privateRun(TestRunner.java:767)
	at org.testng.TestRunner.run(TestRunner.java:617)
	at org.testng.SuiteRunner.runTest(SuiteRunner.java:334)
	at org.testng.SuiteRunner.runSequentially(SuiteRunner.java:329)
	at org.testng.SuiteRunner.privateRun(SuiteRunner.java:291)
	at org.testng.SuiteRunner.run(SuiteRunner.java:240)
	at org.testng.SuiteRunnerWorker.runSuite(SuiteRunnerWorker.java:52)
	at org.testng.SuiteRunnerWorker.run(SuiteRunnerWorker.java:86)
	at org.testng.TestNG.runSuitesSequentially(TestNG.java:1198)
	at org.testng.TestNG.runSuitesLocally(TestNG.java:1123)
	at org.testng.TestNG.run(TestNG.java:1031)
	at org.testng.remote.AbstractRemoteTestNG.run(AbstractRemoteTestNG.java:114)
	at org.testng.remote.RemoteTestNG.initAndRun(RemoteTestNG.java:251)
	at org.testng.remote.RemoteTestNG.main(RemoteTestNG.java:77)
]]>
            </full-stacktrace>
          </exception> <!-- java.lang.NullPointerException -->
          <reporter-output>
          </reporter-output>
        </test-method> <!-- testlogin -->
        <test-method status="PASS" signature="endtest()[pri:0, instance:com.test.automation.UiAutomation.Registration.TC002_VerifyRegistration@42d80b78]" name="endtest" is-config="true" duration-ms="1" started-at="2017-10-26T19:31:54Z" finished-at="2017-10-26T19:31:54Z">
          <reporter-output>
          </reporter-output>
        </test-method> <!-- endtest -->
      </class> <!-- com.test.automation.UiAutomation.Registration.TC002_VerifyRegistration -->
    </test> <!-- Default test -->
  </suite> <!-- Default suite -->
</testng-results>
